<?xml version="1.0" encoding="UTF-8"?>
<testng-results ignored="0" total="1" passed="1" failed="0" skipped="0">
  <reporter-output>
  </reporter-output>
  <suite started-at="2020-07-12T19:35:45 IST" name="Hotwire Test Suite" finished-at="2020-07-12T19:36:18 IST" duration-ms="33302">
    <groups>
    </groups>
    <test started-at="2020-07-12T19:35:45 IST" name="Hotwire Test Cases" finished-at="2020-07-12T19:36:18 IST" duration-ms="33302">
      <class name="com.hotwire.qa.tests.VacationsPageTest">
        <test-method is-config="true" signature="setUp()[pri:0, instance:com.hotwire.qa.tests.VacationsPageTest@408d971b]" started-at="2020-07-12T19:35:46 IST" name="setUp" finished-at="2020-07-12T19:35:56 IST" duration-ms="10249" status="PASS">
          <reporter-output>
          </reporter-output>
        </test-method> <!-- setUp -->
        <test-method signature="searchResultsTest(java.lang.String, java.lang.String)[pri:0, instance:com.hotwire.qa.tests.VacationsPageTest@408d971b]" started-at="2020-07-12T19:35:56 IST" name="searchResultsTest" data-provider="getHotwireTestData" finished-at="2020-07-12T19:36:18 IST" duration-ms="22339" status="PASS">
          <params>
            <param index="0">
              <value>
                <![CDATA[SFO]]>
              </value>
            </param>
            <param index="1">
              <value>
                <![CDATA[LAX]]>
              </value>
            </param>
          </params>
          <reporter-output>
          </reporter-output>
        </test-method> <!-- searchResultsTest -->
        <test-method is-config="true" signature="tearDown()[pri:0, instance:com.hotwire.qa.tests.VacationsPageTest@408d971b]" started-at="2020-07-12T19:36:18 IST" name="tearDown" finished-at="2020-07-12T19:36:18 IST" duration-ms="171" status="PASS">
          <reporter-output>
          </reporter-output>
        </test-method> <!-- tearDown -->
      </class> <!-- com.hotwire.qa.tests.VacationsPageTest -->
    </test> <!-- Hotwire Test Cases -->
  </suite> <!-- Hotwire Test Suite -->
</testng-results>
