<?xml version="1.0" encoding="UTF-8"?>
<testng-results ignored="0" total="1" passed="1" failed="0" skipped="0">
  <reporter-output>
  </reporter-output>
  <suite started-at="2020-06-11T22:17:20 IST" name="Hotwire Test Suite" finished-at="2020-06-11T22:17:53 IST" duration-ms="32488">
    <groups>
    </groups>
    <test started-at="2020-06-11T22:17:20 IST" name="Hotwire Test Cases" finished-at="2020-06-11T22:17:53 IST" duration-ms="32488">
      <class name="com.hotwire.qa.tests.VacationsPageTest">
        <test-method is-config="true" signature="setUp()[pri:0, instance:com.hotwire.qa.tests.VacationsPageTest@5ab9e72c]" started-at="2020-06-11T22:17:21 IST" name="setUp" finished-at="2020-06-11T22:17:32 IST" duration-ms="10891" status="PASS">
          <reporter-output>
          </reporter-output>
        </test-method> <!-- setUp -->
        <test-method signature="searchResultsTest(java.lang.String, java.lang.String)[pri:0, instance:com.hotwire.qa.tests.VacationsPageTest@5ab9e72c]" started-at="2020-06-11T22:17:32 IST" name="searchResultsTest" data-provider="getHotwireTestData" finished-at="2020-06-11T22:17:53 IST" duration-ms="20858" status="PASS">
          <params>
            <param index="0">
              <value>
                <![CDATA[SFO]]>
              </value>
            </param>
            <param index="1">
              <value>
                <![CDATA[LAX]]>
              </value>
            </param>
          </params>
          <reporter-output>
          </reporter-output>
        </test-method> <!-- searchResultsTest -->
        <test-method is-config="true" signature="tearDown()[pri:0, instance:com.hotwire.qa.tests.VacationsPageTest@5ab9e72c]" started-at="2020-06-11T22:17:53 IST" name="tearDown" finished-at="2020-06-11T22:17:53 IST" duration-ms="131" status="PASS">
          <reporter-output>
          </reporter-output>
        </test-method> <!-- tearDown -->
      </class> <!-- com.hotwire.qa.tests.VacationsPageTest -->
    </test> <!-- Hotwire Test Cases -->
  </suite> <!-- Hotwire Test Suite -->
</testng-results>
